<?xml version="1.0" encoding="UTF-8"?>
<Site BuildName="Win32-MSBuild"
	BuildStamp="20211110-1720-Experimental"
	Name="DESKTOP-RPD2MTB"
	Generator="ctest-3.20.2"
	CompilerName="C:/Program Files (x86)/Microsoft Visual Studio/2019/Community/VC/Tools/MSVC/14.28.29910/bin/Hostx86/x64/cl.exe"
	CompilerVersion="19.28.29914.0"
	OSName="Windows"
	Hostname="DESKTOP-RPD2MTB"
	OSRelease=" Professional"
	OSVersion=" (Build 19042)"
	OSPlatform="AMD64"
	Is64Bits="1"
	VendorString="GenuineIntel"
	VendorID="Intel Corporation"
	FamilyID="6"
	ModelID="14"
	ProcessorCacheSize="-1"
	NumberOfLogicalCPU="8"
	NumberOfPhysicalCPU="4"
	TotalVirtualMemory="18707"
	TotalPhysicalMemory="16275"
	LogicalProcessorsPerPhysical="2"
	ProcessorClockFrequency="2712"
	>
	<Testing>
		<StartDateTime>Nov 10 11:20 Hora est[NON-UTF-8-BYTE-0xE1]ndar, Am[NON-UTF-8-BYTE-0xE9]rica Central</StartDateTime>
		<StartTestTime>1636564801</StartTestTime>
		<TestList/>
		<EndDateTime>Nov 10 11:20 Hora est[NON-UTF-8-BYTE-0xE1]ndar, Am[NON-UTF-8-BYTE-0xE9]rica Central</EndDateTime>
		<EndTestTime>1636564801</EndTestTime>
		<ElapsedMinutes>0</ElapsedMinutes>
	</Testing>
</Site>
